-------------------------------------------------------------------------------
Test set: factoryTest.route.BaseStationFactoryTest
-------------------------------------------------------------------------------
Tests run: 1, Failures: 1, Errors: 0, Skipped: 0, Time elapsed: 0.001 s <<< FAILURE! - in factoryTest.route.BaseStationFactoryTest
getBaseStation(factoryTest.route.BaseStationFactoryTest)  Time elapsed: 0 s  <<< FAILURE!
java.lang.AssertionError
	at factoryTest.route.BaseStationFactoryTest.getBaseStation(BaseStationFactoryTest.java:17)

