-------------------------------------------------------------------------------
Test set: factoryTest.commutorTest.AdultFactoryTest
-------------------------------------------------------------------------------
Tests run: 1, Failures: 1, Errors: 0, Skipped: 0, Time elapsed: 0.001 s <<< FAILURE! - in factoryTest.commutorTest.AdultFactoryTest
getAdult(factoryTest.commutorTest.AdultFactoryTest)  Time elapsed: 0 s  <<< FAILURE!
java.lang.AssertionError
	at factoryTest.commutorTest.AdultFactoryTest.getAdult(AdultFactoryTest.java:18)

