-------------------------------------------------------------------------------
Test set: factoryTest.driverTest.DriverContactFactoryTest
-------------------------------------------------------------------------------
Tests run: 1, Failures: 1, Errors: 0, Skipped: 0, Time elapsed: 0.001 s <<< FAILURE! - in factoryTest.driverTest.DriverContactFactoryTest
getDriverContact(factoryTest.driverTest.DriverContactFactoryTest)  Time elapsed: 0 s  <<< FAILURE!
java.lang.AssertionError
	at factoryTest.driverTest.DriverContactFactoryTest.getDriverContact(DriverContactFactoryTest.java:20)

