-------------------------------------------------------------------------------
Test set: factoryTest.feeTest.WeekendFeeFactoryTest
-------------------------------------------------------------------------------
Tests run: 1, Failures: 1, Errors: 0, Skipped: 0, Time elapsed: 0.001 s <<< FAILURE! - in factoryTest.feeTest.WeekendFeeFactoryTest
warning(junit.framework.TestSuite$1)  Time elapsed: 0 s  <<< FAILURE!
junit.framework.AssertionFailedError: No tests found in factoryTest.feeTest.WeekendFeeFactoryTest
	at junit.framework.TestSuite$1.runTest(TestSuite.java:100)

