-------------------------------------------------------------------------------
Test set: factoryTest.busTest.BusDetailsFactoryTest
-------------------------------------------------------------------------------
Tests run: 1, Failures: 1, Errors: 0, Skipped: 0, Time elapsed: 0.158 s <<< FAILURE! - in factoryTest.busTest.BusDetailsFactoryTest
getBusDetails(factoryTest.busTest.BusDetailsFactoryTest)  Time elapsed: 0.02 s  <<< FAILURE!
java.lang.AssertionError
	at factoryTest.busTest.BusDetailsFactoryTest.getBusDetails(BusDetailsFactoryTest.java:19)

