<?xml version="1.0" encoding="UTF-8"?>
<testsuite xmlns:xsi="http://www.w3.org/2001/XMLSchema-instance" xsi:noNamespaceSchemaLocation="https://maven.apache.org/surefire/maven-surefire-plugin/xsd/surefire-test-report.xsd" name="repositoryTest.commutor.ChildCommutorRepositoryImplTest" time="0" tests="5" errors="1" skipped="0" failures="2">
  <properties>
[...]
</properties>
  <testcase name="create" classname="repositoryTest.commutor.ChildCommutorRepositoryImplTest" time="0"/>
  <testcase name="delete" classname="repositoryTest.commutor.ChildCommutorRepositoryImplTest" time="0">
    <failure type="java.lang.AssertionError">java.lang.AssertionError
	at repositoryTest.commutor.ChildCommutorRepositoryImplTest.delete(ChildCommutorRepositoryImplTest.java:82)
</failure>
  </testcase>
  <testcase name="getAll" classname="repositoryTest.commutor.ChildCommutorRepositoryImplTest" time="0">
    <failure type="java.lang.AssertionError">java.lang.AssertionError
	at repositoryTest.commutor.ChildCommutorRepositoryImplTest.getAll(ChildCommutorRepositoryImplTest.java:30)
</failure>
  </testcase>
  <testcase name="update" classname="repositoryTest.commutor.ChildCommutorRepositoryImplTest" time="0"/>
  <testcase name="read" classname="repositoryTest.commutor.ChildCommutorRepositoryImplTest" time="0">
    <error type="java.lang.NullPointerException">java.lang.NullPointerException
	at repositoryTest.commutor.ChildCommutorRepositoryImplTest.read(ChildCommutorRepositoryImplTest.java:95)
</error>
  </testcase>
</testsuite>